<?xml version="1.0" ?>
<coverage version="6.5.0" timestamp="1670426675828" lines-valid="9" lines-covered="8" line-rate="0.8889" branches-valid="6" branches-covered="6" branch-rate="1" complexity="0">
	<!-- Generated by coverage.py: https://coverage.readthedocs.io -->
	<!-- Based on https://raw.githubusercontent.com/cobertura/web/master/htdocs/xml/coverage-04.dtd -->
	<sources>
		<source>C:\Users\slmax\OneDrive\Рабочий стол\ДЗ\Информатика в приложения к отрасли\Лабораторная №3\lab3_zad1</source>
	</sources>
	<packages>
		<package name="." line-rate="0.8889" branch-rate="1" complexity="0">
			<classes>
				<class name="eval_usage.py" filename="eval_usage.py" complexity="0" line-rate="0" branch-rate="1">
					<methods/>
					<lines>
						<line number="1" hits="0"/>
					</lines>
				</class>
				<class name="lib.py" filename="lib.py" complexity="0" line-rate="1" branch-rate="1">
					<methods/>
					<lines>
						<line number="1" hits="1"/>
						<line number="2" hits="1" branch="true" condition-coverage="100% (2/2)"/>
						<line number="3" hits="1"/>
						<line number="4" hits="1" branch="true" condition-coverage="100% (2/2)"/>
						<line number="5" hits="1"/>
						<line number="6" hits="1" branch="true" condition-coverage="100% (2/2)"/>
						<line number="7" hits="1"/>
						<line number="9" hits="1"/>
					</lines>
				</class>
			</classes>
		</package>
	</packages>
</coverage>